nohup: ignoring input
warning: virtual workspace defaulting to `resolver = "1"` despite one or more workspace members being on edition 2021 which implies `resolver = "2"`
note: to keep the current resolver, specify `workspace.resolver = "1"` in the workspace root's manifest
note: to use the edition 2021 resolver, specify `workspace.resolver = "2"` in the workspace root's manifest
note: for more details see https://doc.rust-lang.org/cargo/reference/resolver.html#resolver-versions
warning: field `email_or_phone` is never read
  --> services/landing-page/src/handlers/page_handlers.rs:15:9
   |
14 | pub struct VerifyRequest {
   |            ------------- field in this struct
15 |     pub email_or_phone: String,
   |         ^^^^^^^^^^^^^^
   |
   = note: `#[warn(dead_code)]` on by default

warning: field `password` is never read
  --> services/landing-page/src/handlers/page_handlers.rs:22:9
   |
20 | pub struct LoginRequest {
   |            ------------ field in this struct
21 |     pub email_or_phone: String,
22 |     pub password: String,
   |         ^^^^^^^^

warning: field `phone` is never read
  --> services/landing-page/src/handlers/page_handlers.rs:29:9
   |
26 | pub struct RegisterRequest {
   |            --------------- field in this struct
...
29 |     pub phone: String,
   |         ^^^^^

warning: field `access_token` is never read
  --> services/landing-page/src/handlers/page_handlers.rs:36:9
   |
34 | pub struct SocialLoginRequest {
   |            ------------------ field in this struct
35 |     pub provider: String,
36 |     pub access_token: String,
   |         ^^^^^^^^^^^^

warning: field `avatar_url` is never read
  --> services/landing-page/src/handlers/page_handlers.rs:45:9
   |
41 | pub struct SocialUserInfo {
   |            -------------- field in this struct
...
45 |     pub avatar_url: Option<String>,
   |         ^^^^^^^^^^

warning: enum `AppError` is never used
 --> services/landing-page/src/error.rs:6:10
  |
6 | pub enum AppError {
  |          ^^^^^^^^

warning: type alias `AppResult` is never used
  --> services/landing-page/src/error.rs:84:10
   |
84 | pub type AppResult<T> = Result<T, AppError>;
   |          ^^^^^^^^^

warning: struct `Validator` is never constructed
 --> services/landing-page/src/validation.rs:4:12
  |
4 | pub struct Validator;
  |            ^^^^^^^^^

warning: associated functions `validate_email`, `validate_phone`, `validate_username`, `validate_password`, `validate_verification_code`, and `validate_email_or_phone` are never used
  --> services/landing-page/src/validation.rs:7:12
   |
 6 | impl Validator {
   | -------------- associated functions in this implementation
 7 |     pub fn validate_email(email: &str) -> AppResult<()> {
   |            ^^^^^^^^^^^^^^
...
18 |     pub fn validate_phone(phone: &str) -> AppResult<()> {
   |            ^^^^^^^^^^^^^^
...
29 |     pub fn validate_username(username: &str) -> AppResult<()> {
   |            ^^^^^^^^^^^^^^^^^
...
48 |     pub fn validate_password(password: &str) -> AppResult<()> {
   |            ^^^^^^^^^^^^^^^^^
...
75 |     pub fn validate_verification_code(code: &str) -> AppResult<()> {
   |            ^^^^^^^^^^^^^^^^^^^^^^^^^^
...
87 |     pub fn validate_email_or_phone(input: &str) -> AppResult<EmailOrPhon...
   |            ^^^^^^^^^^^^^^^^^^^^^^^

warning: enum `EmailOrPhone` is never used
  --> services/landing-page/src/validation.rs:99:10
   |
99 | pub enum EmailOrPhone {
   |          ^^^^^^^^^^^^

warning: method `as_str` is never used
   --> services/landing-page/src/validation.rs:105:12
    |
104 | impl EmailOrPhone {
    | ----------------- method in this implementation
105 |     pub fn as_str(&self) -> &str {
    |            ^^^^^^

warning: `landing-page` (bin "landing-page") generated 11 warnings
    Finished `dev` profile [unoptimized + debuginfo] target(s) in 0.18s
warning: the following packages contain code that will be rejected by a future version of Rust: sqlx-postgres v0.7.4
note: to see what the problems were, use the option `--future-incompat-report`, or run `cargo report future-incompatibilities --id 1`
     Running `/home/ubuntu/pema-platform-rust/target/debug/landing-page`
